\BOOKMARK [1][-]{section.1}{Background}{}% 1
\BOOKMARK [1][-]{section.2}{Business Process}{}% 2
\BOOKMARK [1][-]{section.3}{Purpose of application}{}% 3
\BOOKMARK [1][-]{section.4}{Technology used}{}% 4
\BOOKMARK [1][-]{section.5}{Application Diagram}{}% 5
\BOOKMARK [2][-]{subsection.5.1}{Use Case Diagram}{section.5}% 6
\BOOKMARK [2][-]{subsection.5.2}{Class Diagram}{section.5}% 7
\BOOKMARK [2][-]{subsection.5.3}{Activity Diagram}{section.5}% 8
\BOOKMARK [2][-]{subsection.5.4}{Sequential Diagram}{section.5}% 9
\BOOKMARK [3][-]{subsubsection.5.4.1}{Sign Up}{subsection.5.4}% 10
\BOOKMARK [3][-]{subsubsection.5.4.2}{Pengajuan Konsultasi}{subsection.5.4}% 11
\BOOKMARK [3][-]{subsubsection.5.4.3}{Menerima Konsultasi}{subsection.5.4}% 12
\BOOKMARK [1][-]{section.6}{Screenshot}{}% 13
\BOOKMARK [2][-]{subsection.6.1}{Sudut Pandang Mahasiswa}{section.6}% 14
\BOOKMARK [3][-]{subsubsection.6.1.1}{Home Page}{subsection.6.1}% 15
\BOOKMARK [3][-]{subsubsection.6.1.2}{Sign Up Mahasiswa}{subsection.6.1}% 16
\BOOKMARK [3][-]{subsubsection.6.1.3}{Sign In}{subsection.6.1}% 17
\BOOKMARK [3][-]{subsubsection.6.1.4}{Student Dashboard}{subsection.6.1}% 18
\BOOKMARK [3][-]{subsubsection.6.1.5}{Make Consultation Request}{subsection.6.1}% 19
\BOOKMARK [3][-]{subsubsection.6.1.6}{List of Request}{subsection.6.1}% 20
\BOOKMARK [3][-]{subsubsection.6.1.7}{List of Consultation \(Diterima\)}{subsection.6.1}% 21
\BOOKMARK [2][-]{subsection.6.2}{Sudut Pandang Professional}{section.6}% 22
\BOOKMARK [3][-]{subsubsection.6.2.1}{Sign In Professional}{subsection.6.2}% 23
\BOOKMARK [3][-]{subsubsection.6.2.2}{Professional Dashboard}{subsection.6.2}% 24
\BOOKMARK [3][-]{subsubsection.6.2.3}{Professional List of Request}{subsection.6.2}% 25
\BOOKMARK [3][-]{subsubsection.6.2.4}{Professional List of Consultation}{subsection.6.2}% 26
\BOOKMARK [1][-]{section.7}{Listing Code}{}% 27
